<?xml version="1.0" encoding="UTF-8"?>
<!-- Generated by org.testng.reporters.JUnitXMLReporter -->
<testsuite ignored="4" hostname="Sayali" failures="0" tests="4" name="Default test" time="22.617" errors="0" timestamp="2023-04-18T13:35:40 IST">
  <testcase classname="runtt.runtt.TTC" name="test1" time="6.193"/>
  <testcase classname="runtt.runtt.TTC" name="test2" time="3.458"/>
  <testcase classname="runtt.runtt.TTC" name="test3" time="3.081"/>
  <testcase classname="runtt.runtt.TTC" name="test4" time="0.074"/>
  <testcase classname="runtt.runtt.BaseClass" name="@BeforeTest loginTT" time="0.0">
    <ignored/>
  </testcase> <!-- @BeforeTest loginTT -->
  <testcase classname="runtt.runtt.BaseClass" name="@BeforeTest loginTT" time="0.0">
    <ignored/>
  </testcase> <!-- @BeforeTest loginTT -->
  <testcase classname="runtt.runtt.BaseClass" name="@AfterTest teardown" time="0.0">
    <ignored/>
  </testcase> <!-- @AfterTest teardown -->
  <testcase classname="runtt.runtt.BaseClass" name="@AfterTest teardown" time="0.0">
    <ignored/>
  </testcase> <!-- @AfterTest teardown -->
</testsuite> <!-- Default test -->
