<?xml version="1.0" encoding="UTF-8"?>
<testng-results ignored="4" total="8" passed="4" failed="0" skipped="0">
  <reporter-output>
  </reporter-output>
  <suite started-at="2023-04-18T13:35:18 IST" name="Default suite" finished-at="2023-04-18T13:35:40 IST" duration-ms="22617">
    <groups>
    </groups>
    <test started-at="2023-04-18T13:35:18 IST" name="Default test" finished-at="2023-04-18T13:35:40 IST" duration-ms="22617">
      <class name="runtt.runtt.TTC">
        <test-method is-config="true" signature="loginTT()[pri:0, instance:runtt.runtt.TTC@456abb66]" started-at="2023-04-18T13:35:18 IST" name="loginTT" finished-at="2023-04-18T13:35:27 IST" duration-ms="9484" status="PASS">
          <reporter-output>
          </reporter-output>
        </test-method> <!-- loginTT -->
        <test-method signature="test1()[pri:1, instance:runtt.runtt.TTC@456abb66]" started-at="2023-04-18T13:35:27 IST" name="test1" finished-at="2023-04-18T13:35:33 IST" duration-ms="6193" status="PASS">
          <reporter-output>
          </reporter-output>
        </test-method> <!-- test1 -->
        <test-method signature="test2()[pri:2, instance:runtt.runtt.TTC@456abb66]" started-at="2023-04-18T13:35:33 IST" name="test2" finished-at="2023-04-18T13:35:37 IST" duration-ms="3458" status="PASS">
          <reporter-output>
          </reporter-output>
        </test-method> <!-- test2 -->
        <test-method signature="test3()[pri:3, instance:runtt.runtt.TTC@456abb66]" started-at="2023-04-18T13:35:37 IST" name="test3" finished-at="2023-04-18T13:35:40 IST" duration-ms="3081" status="PASS">
          <reporter-output>
          </reporter-output>
        </test-method> <!-- test3 -->
        <test-method signature="test4()[pri:4, instance:runtt.runtt.TTC@456abb66]" started-at="2023-04-18T13:35:40 IST" name="test4" finished-at="2023-04-18T13:35:40 IST" duration-ms="74" status="PASS">
          <reporter-output>
          </reporter-output>
        </test-method> <!-- test4 -->
        <test-method is-config="true" signature="teardown()[pri:0, instance:runtt.runtt.TTC@456abb66]" started-at="2023-04-18T13:35:40 IST" name="teardown" finished-at="2023-04-18T13:35:40 IST" duration-ms="274" status="PASS">
          <reporter-output>
          </reporter-output>
        </test-method> <!-- teardown -->
      </class> <!-- runtt.runtt.TTC -->
    </test> <!-- Default test -->
  </suite> <!-- Default suite -->
</testng-results>
